<?xml version="1.0" encoding="UTF-8"?>
<!-- Generated by org.testng.reporters.JUnitReportReporter -->
<testsuite skipped="0" hostname="LAPTOP-IE1JPG9H" name="com.dotdashtestscripts.deletetasktest" tests="1" failures="0" timestamp="28 Oct 2018 19:42:12 GMT" time="6.692" errors="0">
  <testcase name="Readingbooksisdisplayed" time="6.692" classname="com.dotdashtestscripts.deletetasktest"/>
</testsuite> <!-- com.dotdashtestscripts.deletetasktest -->
