<?xml version="1.0" encoding="UTF-8"?>
<!-- Generated by org.testng.reporters.JUnitReportReporter -->
<testsuite skipped="0" hostname="LAPTOP-IE1JPG9H" name="com.dotdashtestscripts.Togglepagetest" tests="1" failures="0" timestamp="28 Oct 2018 19:43:11 GMT" time="5.851" errors="0">
  <testcase name="Togglebtntest" time="5.851" classname="com.dotdashtestscripts.Togglepagetest"/>
</testsuite> <!-- com.dotdashtestscripts.Togglepagetest -->
