<?xml version="1.0" encoding="UTF-8"?>
<!-- Generated by org.testng.reporters.JUnitReportReporter -->
<testsuite skipped="0" hostname="LAPTOP-IE1JPG9H" name="com.dotdashtestscripts.addColourCatgorypagetest" tests="1" failures="0" timestamp="28 Oct 2018 19:35:31 GMT" time="10.991" errors="0">
  <testcase name="addcolourcattestTest" time="10.991" classname="com.dotdashtestscripts.addColourCatgorypagetest"/>
</testsuite> <!-- com.dotdashtestscripts.addColourCatgorypagetest -->
