<?xml version="1.0" encoding="UTF-8"?>
<!-- Generated by org.testng.reporters.JUnitReportReporter -->
<testsuite skipped="0" hostname="LAPTOP-IE1JPG9H" name="com.dotdashtestscripts.checkCorrectURLLaunched" tests="1" failures="0" timestamp="28 Oct 2018 19:38:59 GMT" time="5.743" errors="0">
  <testcase name="checkCorrectURLLaunched" time="5.743" classname="com.dotdashtestscripts.checkCorrectURLLaunched"/>
</testsuite> <!-- com.dotdashtestscripts.checkCorrectURLLaunched -->
